  Building 'FolderPassword' with toolset 'WindowsKernelModeDriver10.0' and the 'Desktop' target platform.
  Stamping Debug\FolderPassword.inf
  Stamping [Version] section with DriverVer=07/08/2021,12.32.41.924
G:\Projetos\FolderPassword\FolderPassword\FolderPassword.inf : warning 1420: [DefaultInstall]-based INF cannot be processed as Primitive.
G:\Projetos\FolderPassword\FolderPassword\FolderPassword.inf(25-25): warning 1421: Section [DefaultInstall] should have an architecture decoration.
G:\Projetos\FolderPassword\FolderPassword\FolderPassword.inf(36-36): warning 1421: Section [DefaultUninstall] should have an architecture decoration.
G:\Projetos\FolderPassword\FolderPassword\FolderPassword.inf(74-74): warning 1205: Section [MiniFilter.DriverFiles] referenced from DelFiles and CopyFiles directive.
  FolderPassword.c
G:\Projetos\FolderPassword\FolderPassword\header.h(125,1): warning C4133: 'inicializando': tipos incompatíveis - de 'FLT_POSTOP_CALLBACK_STATUS (__stdcall *)(PFLT_CALLBACK_DATA,PCFLT_RELATED_OBJECTS,PVOID *)' para 'PFLT_PRE_OPERATION_CALLBACK'
G:\Projetos\FolderPassword\FolderPassword\portconnection.h(51,16): warning C4047: '=': 'CHAR' difere em níveis de indireção de 'char [2]'
G:\Projetos\FolderPassword\FolderPassword\filesystem.h(67,10): warning C4996: 'strcpy': This function or variable may be unsafe. Consider using strcpy_s instead. To disable deprecation, use _CRT_SECURE_NO_WARNINGS. See online help for details.
G:\Projetos\FolderPassword\FolderPassword\filesystem.h(69,5): warning C4996: '_strupr': This function or variable may be unsafe. Consider using _strupr_s instead. To disable deprecation, use _CRT_SECURE_NO_WARNINGS. See online help for details.
G:\Projetos\FolderPassword\FolderPassword\filesystem.h(111,46): warning C4133: 'função': tipos incompatíveis - de 'PCHAR' para 'PCWSTR'
G:\Projetos\FolderPassword\FolderPassword\filesystem.h(270,10): warning C4996: 'strcat': This function or variable may be unsafe. Consider using strcat_s instead. To disable deprecation, use _CRT_SECURE_NO_WARNINGS. See online help for details.
G:\Projetos\FolderPassword\FolderPassword\filesystem.h(289,30): warning C4133: 'função': tipos incompatíveis - de 'unsigned short [31]' para 'PCHAR'
G:\Projetos\FolderPassword\FolderPassword\filesystem.h(318,33): warning C4047: '!=': 'int' difere em níveis de indireção de 'void *'
G:\Projetos\FolderPassword\FolderPassword\filesystem.h(318,33): warning C4127: expressão condicional é constante
G:\Projetos\FolderPassword\FolderPassword\irp_funcions.h(32,8): warning C4189: 'UserMsg': variável local é inicializada mas não referenciada
G:\Projetos\FolderPassword\FolderPassword\FolderPassword.c(78,7): warning C4047: 'função': 'ULONG' difere em níveis de indireção de 'void *'
G:\Projetos\FolderPassword\FolderPassword\FolderPassword.c(78,3): warning C4024: 'IoCreateDevice': tipos diferentes para parâmetro formal e real 5
G:\Projetos\FolderPassword\FolderPassword\FolderPassword.c(174,14): warning C4996: '_strupr': This function or variable may be unsafe. Consider using _strupr_s instead. To disable deprecation, use _CRT_SECURE_NO_WARNINGS. See online help for details.
LINK : warning LNK4056: argumentos extra ignorado para a opção '/INTEGRITYCHECK:NO'
  FolderPassword.vcxproj -> G:\Projetos\FolderPassword\Debug\FolderPassword.sys
  Done Adding Additional Store
  Successfully signed: G:\Projetos\FolderPassword\Debug\FolderPassword.sys
  
SIGNTASK : SignTool warning : No file digest algorithm specified. Please specify the digest algorithm with the /fd flag. Using /fd SHA256 is recommended and considered more secure than SHA1. Calling signtool with /fd sha1 is equivalent to the previous behavior. In future releases, this parameter will be required. In order to select the hash algorithm used in the signing certificate's signature, use the /fd certHash option.
  
  .........................
  Signability test complete.
  
  Errors:
  None
  
  Warnings:
  None
  
  Catalog generation complete.
  G:\Projetos\FolderPassword\Debug\FolderPassword\folderpassword.cat
  Done Adding Additional Store
  Successfully signed: G:\Projetos\FolderPassword\Debug\FolderPassword\folderpassword.cat
  
SIGNTASK : SignTool warning : No file digest algorithm specified. Please specify the digest algorithm with the /fd flag. Using /fd SHA256 is recommended and considered more secure than SHA1. Calling signtool with /fd sha1 is equivalent to the previous behavior. In future releases, this parameter will be required. In order to select the hash algorithm used in the signing certificate's signature, use the /fd certHash option.
  
