g:\projetos\folderpassword\folderpassword\debug\vc142.pdb
g:\projetos\folderpassword\folderpassword\debug\folderpassword.obj
g:\projetos\folderpassword\debug\folderpassword\folderpassword.cat
g:\projetos\folderpassword\debug\folderpassword.sys
g:\projetos\folderpassword\debug\folderpassword.pdb
g:\projetos\folderpassword\folderpassword\debug\folderpassword.res
g:\projetos\folderpassword\folderpassword\debug\folderpassword.inf
g:\projetos\folderpassword\debug\folderpassword.cer
g:\projetos\folderpassword\debug\folderpassword.inf
g:\projetos\folderpassword\folderpassword\debug\folderpassword.tlog\cl.command.1.tlog
g:\projetos\folderpassword\folderpassword\debug\folderpassword.tlog\cl.read.1.tlog
g:\projetos\folderpassword\folderpassword\debug\folderpassword.tlog\cl.write.1.tlog
g:\projetos\folderpassword\folderpassword\debug\folderpassword.tlog\inf2cat-expand.10132.read.1.tlog
g:\projetos\folderpassword\folderpassword\debug\folderpassword.tlog\inf2cat-expand.10132.write.1.tlog
g:\projetos\folderpassword\folderpassword\debug\folderpassword.tlog\inf2cat-expand.10476.read.1.tlog
g:\projetos\folderpassword\folderpassword\debug\folderpassword.tlog\inf2cat-expand.10476.write.1.tlog
g:\projetos\folderpassword\folderpassword\debug\folderpassword.tlog\inf2cat-expand.10520.read.1.tlog
g:\projetos\folderpassword\folderpassword\debug\folderpassword.tlog\inf2cat-expand.10520.write.1.tlog
g:\projetos\folderpassword\folderpassword\debug\folderpassword.tlog\inf2cat-expand.10644.read.1.tlog
g:\projetos\folderpassword\folderpassword\debug\folderpassword.tlog\inf2cat-expand.10644.write.1.tlog
g:\projetos\folderpassword\folderpassword\debug\folderpassword.tlog\inf2cat-expand.10996.read.1.tlog
g:\projetos\folderpassword\folderpassword\debug\folderpassword.tlog\inf2cat-expand.10996.write.1.tlog
g:\projetos\folderpassword\folderpassword\debug\folderpassword.tlog\inf2cat-expand.11444.read.1.tlog
g:\projetos\folderpassword\folderpassword\debug\folderpassword.tlog\inf2cat-expand.11444.write.1.tlog
g:\projetos\folderpassword\folderpassword\debug\folderpassword.tlog\inf2cat-expand.11796.read.1.tlog
g:\projetos\folderpassword\folderpassword\debug\folderpassword.tlog\inf2cat-expand.11796.write.1.tlog
g:\projetos\folderpassword\folderpassword\debug\folderpassword.tlog\inf2cat-expand.11968.read.1.tlog
g:\projetos\folderpassword\folderpassword\debug\folderpassword.tlog\inf2cat-expand.11968.write.1.tlog
g:\projetos\folderpassword\folderpassword\debug\folderpassword.tlog\inf2cat-expand.1212.read.1.tlog
g:\projetos\folderpassword\folderpassword\debug\folderpassword.tlog\inf2cat-expand.1212.write.1.tlog
g:\projetos\folderpassword\folderpassword\debug\folderpassword.tlog\inf2cat-expand.12328.read.1.tlog
g:\projetos\folderpassword\folderpassword\debug\folderpassword.tlog\inf2cat-expand.12328.write.1.tlog
g:\projetos\folderpassword\folderpassword\debug\folderpassword.tlog\inf2cat-expand.12352.read.1.tlog
g:\projetos\folderpassword\folderpassword\debug\folderpassword.tlog\inf2cat-expand.12352.write.1.tlog
g:\projetos\folderpassword\folderpassword\debug\folderpassword.tlog\inf2cat-expand.12512.read.1.tlog
g:\projetos\folderpassword\folderpassword\debug\folderpassword.tlog\inf2cat-expand.12512.write.1.tlog
g:\projetos\folderpassword\folderpassword\debug\folderpassword.tlog\inf2cat-expand.12536.read.1.tlog
g:\projetos\folderpassword\folderpassword\debug\folderpassword.tlog\inf2cat-expand.12536.write.1.tlog
g:\projetos\folderpassword\folderpassword\debug\folderpassword.tlog\inf2cat-expand.12616.read.1.tlog
g:\projetos\folderpassword\folderpassword\debug\folderpassword.tlog\inf2cat-expand.12616.write.1.tlog
g:\projetos\folderpassword\folderpassword\debug\folderpassword.tlog\inf2cat-expand.12716.read.1.tlog
g:\projetos\folderpassword\folderpassword\debug\folderpassword.tlog\inf2cat-expand.12716.write.1.tlog
g:\projetos\folderpassword\folderpassword\debug\folderpassword.tlog\inf2cat-expand.12728.read.1.tlog
g:\projetos\folderpassword\folderpassword\debug\folderpassword.tlog\inf2cat-expand.12728.write.1.tlog
g:\projetos\folderpassword\folderpassword\debug\folderpassword.tlog\inf2cat-expand.12880.read.1.tlog
g:\projetos\folderpassword\folderpassword\debug\folderpassword.tlog\inf2cat-expand.12880.write.1.tlog
g:\projetos\folderpassword\folderpassword\debug\folderpassword.tlog\inf2cat-expand.12900.read.1.tlog
g:\projetos\folderpassword\folderpassword\debug\folderpassword.tlog\inf2cat-expand.12900.write.1.tlog
g:\projetos\folderpassword\folderpassword\debug\folderpassword.tlog\inf2cat-expand.12996.read.1.tlog
g:\projetos\folderpassword\folderpassword\debug\folderpassword.tlog\inf2cat-expand.12996.write.1.tlog
g:\projetos\folderpassword\folderpassword\debug\folderpassword.tlog\inf2cat-expand.13200.read.1.tlog
g:\projetos\folderpassword\folderpassword\debug\folderpassword.tlog\inf2cat-expand.13200.write.1.tlog
g:\projetos\folderpassword\folderpassword\debug\folderpassword.tlog\inf2cat-expand.13280.read.1.tlog
g:\projetos\folderpassword\folderpassword\debug\folderpassword.tlog\inf2cat-expand.13280.write.1.tlog
g:\projetos\folderpassword\folderpassword\debug\folderpassword.tlog\inf2cat-expand.188.read.1.tlog
g:\projetos\folderpassword\folderpassword\debug\folderpassword.tlog\inf2cat-expand.188.write.1.tlog
g:\projetos\folderpassword\folderpassword\debug\folderpassword.tlog\inf2cat-expand.1880.read.1.tlog
g:\projetos\folderpassword\folderpassword\debug\folderpassword.tlog\inf2cat-expand.1880.write.1.tlog
g:\projetos\folderpassword\folderpassword\debug\folderpassword.tlog\inf2cat-expand.1920.read.1.tlog
g:\projetos\folderpassword\folderpassword\debug\folderpassword.tlog\inf2cat-expand.1920.write.1.tlog
g:\projetos\folderpassword\folderpassword\debug\folderpassword.tlog\inf2cat-expand.1996.read.1.tlog
g:\projetos\folderpassword\folderpassword\debug\folderpassword.tlog\inf2cat-expand.1996.write.1.tlog
g:\projetos\folderpassword\folderpassword\debug\folderpassword.tlog\inf2cat-expand.2156.read.1.tlog
g:\projetos\folderpassword\folderpassword\debug\folderpassword.tlog\inf2cat-expand.2156.write.1.tlog
g:\projetos\folderpassword\folderpassword\debug\folderpassword.tlog\inf2cat-expand.2628.read.1.tlog
g:\projetos\folderpassword\folderpassword\debug\folderpassword.tlog\inf2cat-expand.2628.write.1.tlog
g:\projetos\folderpassword\folderpassword\debug\folderpassword.tlog\inf2cat-expand.3140.read.1.tlog
g:\projetos\folderpassword\folderpassword\debug\folderpassword.tlog\inf2cat-expand.3140.write.1.tlog
g:\projetos\folderpassword\folderpassword\debug\folderpassword.tlog\inf2cat-expand.3700.read.1.tlog
g:\projetos\folderpassword\folderpassword\debug\folderpassword.tlog\inf2cat-expand.3700.write.1.tlog
g:\projetos\folderpassword\folderpassword\debug\folderpassword.tlog\inf2cat-expand.4020.read.1.tlog
g:\projetos\folderpassword\folderpassword\debug\folderpassword.tlog\inf2cat-expand.4020.write.1.tlog
g:\projetos\folderpassword\folderpassword\debug\folderpassword.tlog\inf2cat-expand.4412.read.1.tlog
g:\projetos\folderpassword\folderpassword\debug\folderpassword.tlog\inf2cat-expand.4412.write.1.tlog
g:\projetos\folderpassword\folderpassword\debug\folderpassword.tlog\inf2cat-expand.4416.read.1.tlog
g:\projetos\folderpassword\folderpassword\debug\folderpassword.tlog\inf2cat-expand.4416.write.1.tlog
g:\projetos\folderpassword\folderpassword\debug\folderpassword.tlog\inf2cat-expand.4444.read.1.tlog
g:\projetos\folderpassword\folderpassword\debug\folderpassword.tlog\inf2cat-expand.4444.write.1.tlog
g:\projetos\folderpassword\folderpassword\debug\folderpassword.tlog\inf2cat-expand.4640.read.1.tlog
g:\projetos\folderpassword\folderpassword\debug\folderpassword.tlog\inf2cat-expand.4640.write.1.tlog
g:\projetos\folderpassword\folderpassword\debug\folderpassword.tlog\inf2cat-expand.4864.read.1.tlog
g:\projetos\folderpassword\folderpassword\debug\folderpassword.tlog\inf2cat-expand.4864.write.1.tlog
g:\projetos\folderpassword\folderpassword\debug\folderpassword.tlog\inf2cat-expand.5560.read.1.tlog
g:\projetos\folderpassword\folderpassword\debug\folderpassword.tlog\inf2cat-expand.5560.write.1.tlog
g:\projetos\folderpassword\folderpassword\debug\folderpassword.tlog\inf2cat-expand.6152.read.1.tlog
g:\projetos\folderpassword\folderpassword\debug\folderpassword.tlog\inf2cat-expand.6152.write.1.tlog
g:\projetos\folderpassword\folderpassword\debug\folderpassword.tlog\inf2cat-expand.6436.read.1.tlog
g:\projetos\folderpassword\folderpassword\debug\folderpassword.tlog\inf2cat-expand.6436.write.1.tlog
g:\projetos\folderpassword\folderpassword\debug\folderpassword.tlog\inf2cat-expand.7688.read.1.tlog
g:\projetos\folderpassword\folderpassword\debug\folderpassword.tlog\inf2cat-expand.7688.write.1.tlog
g:\projetos\folderpassword\folderpassword\debug\folderpassword.tlog\inf2cat-expand.7756.read.1.tlog
g:\projetos\folderpassword\folderpassword\debug\folderpassword.tlog\inf2cat-expand.7756.write.1.tlog
g:\projetos\folderpassword\folderpassword\debug\folderpassword.tlog\inf2cat-expand.7848.read.1.tlog
g:\projetos\folderpassword\folderpassword\debug\folderpassword.tlog\inf2cat-expand.7848.write.1.tlog
g:\projetos\folderpassword\folderpassword\debug\folderpassword.tlog\inf2cat-expand.8380.read.1.tlog
g:\projetos\folderpassword\folderpassword\debug\folderpassword.tlog\inf2cat-expand.8380.write.1.tlog
g:\projetos\folderpassword\folderpassword\debug\folderpassword.tlog\inf2cat-expand.8688.read.1.tlog
g:\projetos\folderpassword\folderpassword\debug\folderpassword.tlog\inf2cat-expand.8688.write.1.tlog
g:\projetos\folderpassword\folderpassword\debug\folderpassword.tlog\inf2cat-expand.8772.read.1.tlog
g:\projetos\folderpassword\folderpassword\debug\folderpassword.tlog\inf2cat-expand.8772.write.1.tlog
g:\projetos\folderpassword\folderpassword\debug\folderpassword.tlog\inf2cat-expand.8796.read.1.tlog
g:\projetos\folderpassword\folderpassword\debug\folderpassword.tlog\inf2cat-expand.8796.write.1.tlog
g:\projetos\folderpassword\folderpassword\debug\folderpassword.tlog\inf2cat-expand.9000.read.1.tlog
g:\projetos\folderpassword\folderpassword\debug\folderpassword.tlog\inf2cat-expand.9000.write.1.tlog
g:\projetos\folderpassword\folderpassword\debug\folderpassword.tlog\inf2cat-expand.9152.read.1.tlog
g:\projetos\folderpassword\folderpassword\debug\folderpassword.tlog\inf2cat-expand.9152.write.1.tlog
g:\projetos\folderpassword\folderpassword\debug\folderpassword.tlog\inf2cat-expand.9316.read.1.tlog
g:\projetos\folderpassword\folderpassword\debug\folderpassword.tlog\inf2cat-expand.9316.write.1.tlog
g:\projetos\folderpassword\folderpassword\debug\folderpassword.tlog\inf2cat-expand.9328.read.1.tlog
g:\projetos\folderpassword\folderpassword\debug\folderpassword.tlog\inf2cat-expand.9328.write.1.tlog
g:\projetos\folderpassword\folderpassword\debug\folderpassword.tlog\inf2cat-expand.9460.read.1.tlog
g:\projetos\folderpassword\folderpassword\debug\folderpassword.tlog\inf2cat-expand.9460.write.1.tlog
g:\projetos\folderpassword\folderpassword\debug\folderpassword.tlog\inf2cat-expand.9696.read.1.tlog
g:\projetos\folderpassword\folderpassword\debug\folderpassword.tlog\inf2cat-expand.9696.write.1.tlog
g:\projetos\folderpassword\folderpassword\debug\folderpassword.tlog\inf2cat-expand.9724.read.1.tlog
g:\projetos\folderpassword\folderpassword\debug\folderpassword.tlog\inf2cat-expand.9724.write.1.tlog
g:\projetos\folderpassword\folderpassword\debug\folderpassword.tlog\inf2cat-expand.9776.read.1.tlog
g:\projetos\folderpassword\folderpassword\debug\folderpassword.tlog\inf2cat-expand.9776.write.1.tlog
g:\projetos\folderpassword\folderpassword\debug\folderpassword.tlog\inf2cat-expand.read.1.tlog
g:\projetos\folderpassword\folderpassword\debug\folderpassword.tlog\inf2cat-expand.write.1.tlog
g:\projetos\folderpassword\folderpassword\debug\folderpassword.tlog\inf2cat.command.1.tlog
g:\projetos\folderpassword\folderpassword\debug\folderpassword.tlog\inf2cat.read.1.tlog
g:\projetos\folderpassword\folderpassword\debug\folderpassword.tlog\inf2cat.read.8.tlog
g:\projetos\folderpassword\folderpassword\debug\folderpassword.tlog\inf2cat.write.1.tlog
g:\projetos\folderpassword\folderpassword\debug\folderpassword.tlog\inf2cat.write.8.tlog
g:\projetos\folderpassword\folderpassword\debug\folderpassword.tlog\link.command.1.tlog
g:\projetos\folderpassword\folderpassword\debug\folderpassword.tlog\link.read.1.tlog
g:\projetos\folderpassword\folderpassword\debug\folderpassword.tlog\link.write.1.tlog
g:\projetos\folderpassword\folderpassword\debug\folderpassword.tlog\rc.command.1.tlog
g:\projetos\folderpassword\folderpassword\debug\folderpassword.tlog\rc.read.1.tlog
g:\projetos\folderpassword\folderpassword\debug\folderpassword.tlog\rc.write.1.tlog
g:\projetos\folderpassword\folderpassword\debug\folderpassword.tlog\signtool.command.1.tlog
g:\projetos\folderpassword\folderpassword\debug\folderpassword.tlog\signtool.read.1.tlog
g:\projetos\folderpassword\folderpassword\debug\folderpassword.tlog\signtool.timestamp.1.tlog
g:\projetos\folderpassword\folderpassword\debug\folderpassword.tlog\signtool.write.1.tlog
g:\projetos\folderpassword\folderpassword\debug\folderpassword.tlog\stampinf.command.1.tlog
g:\projetos\folderpassword\folderpassword\debug\folderpassword.tlog\stampinf.read.1.tlog
g:\projetos\folderpassword\folderpassword\debug\folderpassword.tlog\stampinf.write.1.tlog
